<?xml version="1.0" encoding="UTF-8"?>
<testsuite xmlns:xsi="http://www.w3.org/2001/XMLSchema-instance" xsi:noNamespaceSchemaLocation="https://maven.apache.org/surefire/maven-surefire-plugin/xsd/surefire-test-report.xsd" name="TestSuite" time="23.457" tests="1" errors="0" skipped="0" failures="1">
  <properties>
[...]
</properties>
  <testcase name="BookingTests" classname="execute.FlightBookingTest" time="11.876">
    <failure message="expected [true] but found [false]" type="java.lang.AssertionError">java.lang.AssertionError: expected [true] but found [false]
	at execute.FlightBookingTest.BookingTests(FlightBookingTest.java:15)
</failure>
    <system-out><![CDATA[enter:?7,967
enter:?7,978
]]></system-out>
    <system-err><![CDATA[Starting ChromeDriver 2.44.609538 (b655c5a60b0b544917107a59d4153d4bf78e1b90) on port 31770
Only local connections are allowed.
[1610655794.831][WARNING]: Timed out connecting to Chrome, retrying...
Jan 15, 2021 1:53:16 AM org.openqa.selenium.remote.ProtocolHandshake createSession
INFO: Detected dialect: OSS
[1610655800.472][WARNING]: Timed out connecting to Chrome, retrying...
[1610655812.534][WARNING]: Timed out connecting to Chrome, retrying...
]]></system-err>
  </testcase>
</testsuite>